A51 MACRO ASSEMBLER  DIRECCIONAMIENTOINDIRECTO1                                           03/06/2019 09:59:48 PAGE     1


MACRO ASSEMBLER A51 V8.2.7.0
OBJECT MODULE PLACED IN .\Objects\DireccionamientoIndirecto1.obj
ASSEMBLER INVOKED BY: C:\Keil_v5\C51\BIN\A51.EXE DireccionamientoIndirecto1.a51 SET(SMALL) DEBUG PRINT(.\Listings\Direcc
                      ionamientoIndirecto1.lst) OBJECT(.\Objects\DireccionamientoIndirecto1.obj) EP

LOC  OBJ            LINE     SOURCE

----                   1     CSEG at 00
0000 2100              2             Jmp main
                       3             
----                   4             CSEG at 100H
0100                   5                     main:
0100 E590              6                             Mov A, P1
0102 540F              7                             ANL A, #00001111b
0104 90010C            8                             Mov DPTR, #Tabla
0107 93                9                             Movc A, @A+DPTR
0108 F5B0             10                             MOV P3, A
                      11                             
010A 80F4             12                     Jmp main
                      13     
010C                  14                             Tabla:
010C 02               15                                     DB 00000010b
010D 9E               16                                     DB 10011110b
010E 24               17                                     DB 00100100b
010F 0C               18                                     DB 00001100b
0110 98               19                                     DB 10011000b
0111 48               20                                     DB 01001000b
0112 40               21                                     DB 01000000b
0113 1E               22                                     DB 00011110b
0114 00               23                                     DB 00000000b
0115 18               24                                     DB 00011000b
0116 10               25                                     DB 00010000b
0117 C0               26                                     DB 11000000b
0118 62               27                                     DB 01100010b
0119 84               28                                     DB 10000100b
011A 60               29                                     DB 01100000b
011B 70               30                                     DB 01110000b
                      31                                             
                      32             END
                                                             
A51 MACRO ASSEMBLER  DIRECCIONAMIENTOINDIRECTO1                                           03/06/2019 09:59:48 PAGE     2

SYMBOL TABLE LISTING
------ ----- -------


N A M E             T Y P E  V A L U E   ATTRIBUTES

MAIN . . . . . . .  C ADDR   0100H   A   
P1 . . . . . . . .  D ADDR   0090H   A   
P3 . . . . . . . .  D ADDR   00B0H   A   
TABLA. . . . . . .  C ADDR   010CH   A   


REGISTER BANK(S) USED: 0 


ASSEMBLY COMPLETE.  0 WARNING(S), 0 ERROR(S)
