C51 COMPILER V9.59.0.0   REG                                                               04/12/2019 15:56:22 PAGE 1   


C51 COMPILER V9.59.0.0, COMPILATION OF MODULE REG
OBJECT MODULE PLACED IN .\Objects\reg.obj
COMPILER INVOKED BY: C:\Keil_v5\C51\BIN\C51.EXE reg.c OPTIMIZE(8,SPEED) BROWSE DEBUG OBJECTEXTEND PRINT(.\Listings\reg.l
                    -st) TABS(2) OBJECT(.\Objects\reg.obj)

line level    source

   1          #include <reg51.h>
   2          #include <stdio.h>
   3          #include <stdlib.h>
   4          void main();
   5          void interrupcion1();
   6          void interrupcion2();
   7          void delays();
   8          
   9          unsigned char i;
  10          int vector[10]={0X01,0X4F,0X12,0X12,0X06,0X6C,0X60,0X0F,0X0,0X0B};
  11          
  12          void interrupcion1() interrupt 0{
  13   1      i=0;
  14   1      }
  15          
  16          void interrupcion2() interrupt 1{
  17   1      i=0;
  18   1      }
  19          
  20          
  21          
  22          
  23          void main()
  24          {
  25   1          IE=0X05;
  26   1          TCON=0X005;
  27   1          EA=1;
  28   1          i=10;
  29   1          while(1){
  30   2        for(i=0;i<10;i++){
  31   3        P1=vector[i];
  32   3        delays();
  33   3        }
  34   2        }
  35   1      }
  36          
  37          
  38          void delays(){
  39   1      int x;
  40   1      for(x=0;x<650;x++);
  41   1      }
  42          


MODULE INFORMATION:   STATIC OVERLAYABLE
   CODE SIZE        =     66    ----
   CONSTANT SIZE    =   ----    ----
   XDATA SIZE       =   ----    ----
   PDATA SIZE       =   ----    ----
   DATA SIZE        =     21    ----
   IDATA SIZE       =   ----    ----
   BIT SIZE         =   ----    ----
END OF MODULE INFORMATION.


C51 COMPILATION COMPLETE.  0 WARNING(S),  0 ERROR(S)
